0 info it worked if it ends with ok
1 verbose cli [ 'C:\\Users\\HRMR\\Documents\\NodeJSPortable\\App\\NodeJS\\node.exe',
1 verbose cli   'C:\\Users\\HRMR\\Documents\\NodeJSPortable\\Data\\node_modules\\npm\\bin\\npm-cli.js',
1 verbose cli   'run',
1 verbose cli   'test' ]
2 info using npm@4.0.3
3 info using node@v5.7.0
4 verbose run-script [ 'pretest', 'test', 'posttest' ]
5 info lifecycle using_karma_jasmin_with_angularjs@1.0.0~pretest: using_karma_jasmin_with_angularjs@1.0.0
6 silly lifecycle using_karma_jasmin_with_angularjs@1.0.0~pretest: no script for pretest, continuing
7 info lifecycle using_karma_jasmin_with_angularjs@1.0.0~test: using_karma_jasmin_with_angularjs@1.0.0
8 verbose lifecycle using_karma_jasmin_with_angularjs@1.0.0~test: unsafe-perm in lifecycle true
9 verbose lifecycle using_karma_jasmin_with_angularjs@1.0.0~test: PATH: C:\Users\HRMR\Documents\NodeJSPortable\Data\node_modules\npm\bin\node-gyp-bin;C:\Users\HRMR\Documents\using_karma_jasmin_with_angularjs\node_modules\.bin;C:\Users\HRMR\Documents\NodeJSPortable\App\NodeJS;C:\Users\HRMR\Documents\NodeJSPortable\Data;C:\windows\system32;C:\windows;C:\windows\System32\Wbem;C:\windows\System32\WindowsPowerShell\v1.0\;C:\Users\Public\oracle\ORACLE InstantClient Win32-11.2.0;C:\Program Files (x86)\Intel\OpenCL SDK\2.0\bin\x86;C:\Program Files (x86)\Intel\OpenCL SDK\2.0\bin\x64;C:\Program Files\TortoiseSVN\bin;C:\Users\HRMR\AppData\Local\Mozilla Firefox;C:\windows\system32;C:\windows;C:\windows\System32\Wbem;C:\windows\System32\WindowsPowerShell\v1.0\;C:\Users\Public\oracle\ORACLE InstantClient Win32-11.2.0;C:\Program Files (x86)\Intel\OpenCL SDK\2.0\bin\x86;C:\Program Files (x86)\Intel\OpenCL SDK\2.0\bin\x64;C:\Program Files\TortoiseSVN\bin;C:\Users\HRMR\AppData\Local\Programs\Git\cmd;C:\Users\HRMR\AppData\Local\Programs\Git\mingw64\bin;C:\Users\HRMR\AppData\Local\Programs\Git\usr\bin
10 verbose lifecycle using_karma_jasmin_with_angularjs@1.0.0~test: CWD: C:\Users\HRMR\Documents\using_karma_jasmin_with_angularjs
11 silly lifecycle using_karma_jasmin_with_angularjs@1.0.0~test: Args: [ '/d /s /c',
11 silly lifecycle   './node_modules/karma/bin/karma start karma.conf.js' ]
12 silly lifecycle using_karma_jasmin_with_angularjs@1.0.0~test: Returned: code: 1  signal: null
13 info lifecycle using_karma_jasmin_with_angularjs@1.0.0~test: Failed to exec test script
14 verbose stack Error: using_karma_jasmin_with_angularjs@1.0.0 test: `./node_modules/karma/bin/karma start karma.conf.js`
14 verbose stack Exit status 1
14 verbose stack     at EventEmitter.<anonymous> (C:\Users\HRMR\Documents\NodeJSPortable\Data\node_modules\npm\lib\utils\lifecycle.js:279:16)
14 verbose stack     at emitTwo (events.js:100:13)
14 verbose stack     at EventEmitter.emit (events.js:185:7)
14 verbose stack     at ChildProcess.<anonymous> (C:\Users\HRMR\Documents\NodeJSPortable\Data\node_modules\npm\lib\utils\spawn.js:40:14)
14 verbose stack     at emitTwo (events.js:100:13)
14 verbose stack     at ChildProcess.emit (events.js:185:7)
14 verbose stack     at maybeClose (internal/child_process.js:827:16)
14 verbose stack     at Process.ChildProcess._handle.onexit (internal/child_process.js:211:5)
15 verbose pkgid using_karma_jasmin_with_angularjs@1.0.0
16 verbose cwd C:\Users\HRMR\Documents\using_karma_jasmin_with_angularjs
17 error Windows_NT 6.1.7601
18 error argv "C:\\Users\\HRMR\\Documents\\NodeJSPortable\\App\\NodeJS\\node.exe" "C:\\Users\\HRMR\\Documents\\NodeJSPortable\\Data\\node_modules\\npm\\bin\\npm-cli.js" "run" "test"
19 error node v5.7.0
20 error npm  v4.0.3
21 error code ELIFECYCLE
22 error using_karma_jasmin_with_angularjs@1.0.0 test: `./node_modules/karma/bin/karma start karma.conf.js`
22 error Exit status 1
23 error Failed at the using_karma_jasmin_with_angularjs@1.0.0 test script './node_modules/karma/bin/karma start karma.conf.js'.
23 error Make sure you have the latest version of node.js and npm installed.
23 error If you do, this is most likely a problem with the using_karma_jasmin_with_angularjs package,
23 error not with npm itself.
23 error Tell the author that this fails on your system:
23 error     ./node_modules/karma/bin/karma start karma.conf.js
23 error You can get information on how to open an issue for this project with:
23 error     npm bugs using_karma_jasmin_with_angularjs
23 error Or if that isn't available, you can get their info via:
23 error     npm owner ls using_karma_jasmin_with_angularjs
23 error There is likely additional logging output above.
24 verbose exit [ 1, true ]
